<?xml version="1.0" encoding="UTF-8"?>
<!-- Generated by org.testng.reporters.JUnitReportReporter -->
<testsuite hostname="LAPTOP-4NL42U64" failures="0" tests="5" name="testrunner.Mainflight" time="56.267" errors="0" timestamp="2025-02-04T10:56:30 IST" skipped="0">
  <testcase classname="testrunner.Mainflight" name="runScenario" time="6.376"/>
  <testcase classname="testrunner.Mainflight" name="runScenario" time="7.671"/>
  <testcase classname="testrunner.Mainflight" name="runScenario" time="3.521"/>
  <testcase classname="testrunner.Mainflight" name="runScenario" time="33.865"/>
  <testcase classname="testrunner.Mainflight" name="runScenario" time="4.834"/>
</testsuite> <!-- testrunner.Mainflight -->
